19660004.000000
1464568.000000
37855440.000000
5180.000000 7308.000000
6.054305
M001	0	0	3234	1708
M002	0	6622	1554	7294
M003	1610	4760	2618	6944
M004	0	3542	1610	6622
M005	2016	1708	3402	2240
M006	2618	5446	3500	7308
M007	1554	6944	2422	7294
M008	3472	3220	4718	3864
M009	4018	6034	4998	6496
M010	924	2268	1218	2884
M011	1218	1708	1596	2534
M012	1610	1708	2016	2506
M013	4396	2016	4662	2688
M014	4760	1904	5166	2828
M015	4298	4634	5138	5040
M016	4760	2996	5082	3794
M017	4760	1148	5152	1904
M018	3080	3220	3472	4298
M019	1218	2534	1610	3360
M020	2828	3220	3080	4018
M021	2618	4662	3444	5054
M022	2562	4298	3514	4662
M023	3500	6034	3990	7168
M024	2562	3220	2828	4018
M025	3290	2898	4074	3220
M026	2562	2870	3290	3220
M027	4816	3794	5180	4634
M028	3500	4970	4018	6034
M029	4466	5040	4956	6034
M030	3514	3864	4816	4592
M031	0	2268	392	3318
M032	3514	4592	4298	4970
M033	1610	2870	2562	4760
M034	4480	0	5040	1148
M035	3318	2506	4172	2898
M036	3402	2058	4396	2506
M037	0	1708	1218	2268
M038	4018	5040	4466	6006
M039	392	3178	1176	3542
M040	2618	5054	3486	5446
M041	3962	1204	4326	2058
M042	4760	2828	5138	2996
M043	392	2268	924	3178
M044	2016	2240	3318	2870
M045	3990	6496	5152	7168
M046	3976	0	4480	1204
M047	4326	1204	4760	2016
M048	3234	392	3962	1694
M049	3234	0	3976	392
